<?xml version="1.0" encoding="UTF-8" standalone="no"?>
<!DOCTYPE log SYSTEM "logger.dtd">
<log>
<record>
  <date>2022-11-08T08:02:09.942-0300</date>
  <logger>LUCAS LEONES COSTA DOS SANTOS</logger>
  <level>FINE</level>
  <message>File 121110281-LUCAS LEONES COSTA DOS SANTOS.zip was received. It was sent by LUCAS LEONES COSTA DOS SANTOS from IP 150.165.42.182 at 08-11-2022 08*02*09</message>
</record>
</log>
<?xml version="1.0" encoding="UTF-8" standalone="no"?>
<!DOCTYPE log SYSTEM "logger.dtd">
<log>
<record>
  <date>2022-11-08T08:31:57.061-0300</date>
  <logger>LUCAS LEONES COSTA DOS SANTOS</logger>
  <level>FINE</level>
  <message>File 121110281-LUCAS LEONES COSTA DOS SANTOS.zip was received. It was sent by LUCAS LEONES COSTA DOS SANTOS from IP 150.165.42.182 at 08-11-2022 08*31*57</message>
</record>
</log>
<?xml version="1.0" encoding="UTF-8" standalone="no"?>
<!DOCTYPE log SYSTEM "logger.dtd">
<log>
<record>
  <date>2022-11-08T09:00:41.964-0300</date>
  <logger>LUCAS LEONES COSTA DOS SANTOS</logger>
  <level>FINE</level>
  <message>File 121110281-LUCAS LEONES COSTA DOS SANTOS.zip was received. It was sent by LUCAS LEONES COSTA DOS SANTOS from IP 150.165.42.182 at 08-11-2022 09*00*41</message>
</record>
</log>
<?xml version="1.0" encoding="UTF-8" standalone="no"?>
<!DOCTYPE log SYSTEM "logger.dtd">
<log>
<record>
  <date>2022-11-08T09:06:41.556-0300</date>
  <logger>LUCAS LEONES COSTA DOS SANTOS</logger>
  <level>FINE</level>
  <message>File 121110281-LUCAS LEONES COSTA DOS SANTOS.zip was received. It was sent by LUCAS LEONES COSTA DOS SANTOS from IP 150.165.42.182 at 08-11-2022 09*06*41</message>
</record>
</log>
<?xml version="1.0" encoding="UTF-8" standalone="no"?>
<!DOCTYPE log SYSTEM "logger.dtd">
<log>
<record>
  <date>2022-11-08T09:11:40.674-0300</date>
  <logger>LUCAS LEONES COSTA DOS SANTOS</logger>
  <level>FINE</level>
  <message>File 121110281-LUCAS LEONES COSTA DOS SANTOS.zip was received. It was sent by LUCAS LEONES COSTA DOS SANTOS from IP 150.165.42.182 at 08-11-2022 09*11*40</message>
</record>
</log>
<?xml version="1.0" encoding="UTF-8" standalone="no"?>
<!DOCTYPE log SYSTEM "logger.dtd">
<log>
<record>
  <date>2022-11-08T09:12:11.773-0300</date>
  <logger>LUCAS LEONES COSTA DOS SANTOS</logger>
  <level>FINE</level>
  <message>File 121110281-LUCAS LEONES COSTA DOS SANTOS.zip was received. It was sent by LUCAS LEONES COSTA DOS SANTOS from IP 150.165.42.182 at 08-11-2022 09*12*11</message>
</record>
</log>
<?xml version="1.0" encoding="UTF-8" standalone="no"?>
<!DOCTYPE log SYSTEM "logger.dtd">
<log>
<record>
  <date>2022-11-08T09:12:50.074-0300</date>
  <logger>LUCAS LEONES COSTA DOS SANTOS</logger>
  <level>FINE</level>
  <message>File 121110281-LUCAS LEONES COSTA DOS SANTOS.zip was received. It was sent by LUCAS LEONES COSTA DOS SANTOS from IP 150.165.42.182 at 08-11-2022 09*12*50</message>
</record>
</log>
<?xml version="1.0" encoding="UTF-8" standalone="no"?>
<!DOCTYPE log SYSTEM "logger.dtd">
<log>
<record>
  <date>2022-11-08T09:13:41.800-0300</date>
  <logger>LUCAS LEONES COSTA DOS SANTOS</logger>
  <level>FINE</level>
  <message>File 121110281-LUCAS LEONES COSTA DOS SANTOS.zip was received. It was sent by LUCAS LEONES COSTA DOS SANTOS from IP 150.165.42.182 at 08-11-2022 09*13*41</message>
</record>
</log>
<?xml version="1.0" encoding="UTF-8" standalone="no"?>
<!DOCTYPE log SYSTEM "logger.dtd">
<log>
<record>
  <date>2022-11-08T09:16:21.725-0300</date>
  <logger>LUCAS LEONES COSTA DOS SANTOS</logger>
  <level>FINE</level>
  <message>File 121110281-LUCAS LEONES COSTA DOS SANTOS.zip was received. It was sent by LUCAS LEONES COSTA DOS SANTOS from IP 150.165.42.182 at 08-11-2022 09*16*21</message>
</record>
</log>
<?xml version="1.0" encoding="UTF-8" standalone="no"?>
<!DOCTYPE log SYSTEM "logger.dtd">
<log>
<record>
  <date>2022-11-08T09:18:37.285-0300</date>
  <logger>LUCAS LEONES COSTA DOS SANTOS</logger>
  <level>FINE</level>
  <message>File 121110281-LUCAS LEONES COSTA DOS SANTOS.zip was received. It was sent by LUCAS LEONES COSTA DOS SANTOS from IP 150.165.42.182 at 08-11-2022 09*18*37</message>
</record>
</log>
<?xml version="1.0" encoding="UTF-8" standalone="no"?>
<!DOCTYPE log SYSTEM "logger.dtd">
<log>
<record>
  <date>2022-11-08T09:26:51.649-0300</date>
  <logger>LUCAS LEONES COSTA DOS SANTOS</logger>
  <level>FINE</level>
  <message>File 121110281-LUCAS LEONES COSTA DOS SANTOS.zip was received. It was sent by LUCAS LEONES COSTA DOS SANTOS from IP 150.165.42.182 at 08-11-2022 09*26*51</message>
</record>
