<?xml version="1.0" encoding="UTF-8" standalone="no"?>
<!DOCTYPE log SYSTEM "logger.dtd">
<log>
<record>
  <date>2022-12-01T10:32:28.582-0300</date>
  <logger>LUCAS LEONES COSTA DOS SANTOS</logger>
  <level>FINE</level>
  <message>File 121110281-LUCAS LEONES COSTA DOS SANTOS.zip was received. It was sent by LUCAS LEONES COSTA DOS SANTOS from IP 150.165.42.182 at 01-12-2022 10*32*28</message>
</record>
</log>
<?xml version="1.0" encoding="UTF-8" standalone="no"?>
<!DOCTYPE log SYSTEM "logger.dtd">
<log>
<record>
  <date>2022-12-08T10:44:08.393-0300</date>
  <logger>LUCAS LEONES COSTA DOS SANTOS</logger>
  <level>FINE</level>
  <message>File 121110281-LUCAS LEONES COSTA DOS SANTOS.zip was received. It was sent by LUCAS LEONES COSTA DOS SANTOS from IP 192.168.1.6 at 08-12-2022 10*44*08</message>
</record>
</log>
<?xml version="1.0" encoding="UTF-8" standalone="no"?>
<!DOCTYPE log SYSTEM "logger.dtd">
<log>
<record>
  <date>2022-12-08T10:50:08.604-0300</date>
  <logger>LUCAS LEONES COSTA DOS SANTOS</logger>
  <level>FINE</level>
  <message>File 121110281-LUCAS LEONES COSTA DOS SANTOS.zip was received. It was sent by LUCAS LEONES COSTA DOS SANTOS from IP 192.168.1.6 at 08-12-2022 10*50*08</message>
</record>
