<?xml version="1.0" encoding="UTF-8" standalone="no"?>
<!DOCTYPE log SYSTEM "logger.dtd">
<log>
<record>
  <date>2022-11-29T08:56:29.406-0300</date>
  <logger>LUCAS LEONES COSTA DOS SANTOS</logger>
  <level>FINE</level>
  <message>File 121110281-LUCAS LEONES COSTA DOS SANTOS.zip was received. It was sent by LUCAS LEONES COSTA DOS SANTOS from IP 150.165.42.182 at 29-11-2022 08*56*29</message>
</record>
</log>
<?xml version="1.0" encoding="UTF-8" standalone="no"?>
<!DOCTYPE log SYSTEM "logger.dtd">
<log>
<record>
  <date>2022-11-29T09:06:33.316-0300</date>
  <logger>LUCAS LEONES COSTA DOS SANTOS</logger>
  <level>FINE</level>
  <message>File 121110281-LUCAS LEONES COSTA DOS SANTOS.zip was received. It was sent by LUCAS LEONES COSTA DOS SANTOS from IP 150.165.42.182 at 29-11-2022 09*06*33</message>
</record>
</log>
<?xml version="1.0" encoding="UTF-8" standalone="no"?>
<!DOCTYPE log SYSTEM "logger.dtd">
<log>
<record>
  <date>2022-11-29T09:06:47.056-0300</date>
  <logger>LUCAS LEONES COSTA DOS SANTOS</logger>
  <level>FINE</level>
  <message>File 121110281-LUCAS LEONES COSTA DOS SANTOS.zip was received. It was sent by LUCAS LEONES COSTA DOS SANTOS from IP 150.165.42.182 at 29-11-2022 09*06*47</message>
</record>
