<?xml version="1.0" encoding="UTF-8" standalone="no"?>
<!DOCTYPE log SYSTEM "logger.dtd">
<log>
<record>
  <date>2022-10-25T08:44:25.958-0300</date>
  <logger>LUCAS LEONES COSTA DOS SANTOS</logger>
  <level>FINE</level>
  <message>File 121110281-LUCAS LEONES COSTA DOS SANTOS.zip was received. It was sent by LUCAS LEONES COSTA DOS SANTOS from IP 150.165.42.181 at 25-10-2022 08*44*25</message>
</record>
</log>
<?xml version="1.0" encoding="UTF-8" standalone="no"?>
<!DOCTYPE log SYSTEM "logger.dtd">
<log>
<record>
  <date>2022-11-02T11:24:28.944-0300</date>
  <logger>LUCAS LEONES COSTA DOS SANTOS</logger>
  <level>FINE</level>
  <message>File 121110281-LUCAS LEONES COSTA DOS SANTOS.zip was received. It was sent by LUCAS LEONES COSTA DOS SANTOS from IP 192.168.1.6 at 02-11-2022 11*24*28</message>
</record>
</log>
<?xml version="1.0" encoding="UTF-8" standalone="no"?>
<!DOCTYPE log SYSTEM "logger.dtd">
<log>
<record>
  <date>2022-11-02T15:04:38.801-0300</date>
  <logger>LUCAS LEONES COSTA DOS SANTOS</logger>
  <level>FINE</level>
  <message>File 121110281-LUCAS LEONES COSTA DOS SANTOS.zip was received. It was sent by LUCAS LEONES COSTA DOS SANTOS from IP 192.168.1.6 at 02-11-2022 15*04*38</message>
</record>
</log>
<?xml version="1.0" encoding="UTF-8" standalone="no"?>
<!DOCTYPE log SYSTEM "logger.dtd">
<log>
<record>
  <date>2022-11-03T10:27:23.385-0300</date>
  <logger>LUCAS LEONES COSTA DOS SANTOS</logger>
  <level>FINE</level>
  <message>File 121110281-LUCAS LEONES COSTA DOS SANTOS.zip was received. It was sent by LUCAS LEONES COSTA DOS SANTOS from IP 150.165.42.182 at 03-11-2022 10*27*23</message>
</record>
